2025-02-20 22:18:05,611 - INFO - [31m[1mWARNING: This is a development server. Do not use it in a production deployment. Use a production WSGI server instead.[0m
 * Running on http://127.0.0.1:5000
2025-02-20 22:18:05,612 - INFO - [33mPress CTRL+C to quit[0m
2025-02-20 22:18:05,623 - INFO -  * Restarting with watchdog (windowsapi)
2025-02-20 22:18:09,900 - WARNING -  * Debugger is active!
2025-02-20 22:18:09,900 - INFO -  * Debugger PIN: 856-401-594
2025-02-20 22:18:27,332 - INFO - 127.0.0.1 - - [20/Feb/2025 22:18:27] "GET / HTTP/1.1" 200 -
2025-02-20 22:18:27,723 - INFO - 127.0.0.1 - - [20/Feb/2025 22:18:27] "[33mGET /favicon.ico HTTP/1.1[0m" 404 -
2025-02-20 22:18:32,188 - INFO - 127.0.0.1 - - [20/Feb/2025 22:18:32] "POST /predict HTTP/1.1" 200 -
2025-02-20 22:18:37,550 - INFO - 127.0.0.1 - - [20/Feb/2025 22:18:37] "POST /predict HTTP/1.1" 200 -
2025-02-20 22:18:43,218 - INFO - 127.0.0.1 - - [20/Feb/2025 22:18:43] "POST /predict HTTP/1.1" 200 -
2025-02-20 22:18:47,984 - INFO - 127.0.0.1 - - [20/Feb/2025 22:18:47] "POST /predict HTTP/1.1" 200 -
2025-02-20 22:18:53,074 - INFO - 127.0.0.1 - - [20/Feb/2025 22:18:53] "POST /predict HTTP/1.1" 200 -
2025-02-20 22:19:00,085 - INFO - 127.0.0.1 - - [20/Feb/2025 22:19:00] "POST /predict HTTP/1.1" 200 -
2025-02-20 22:19:06,171 - INFO - 127.0.0.1 - - [20/Feb/2025 22:19:06] "POST /predict HTTP/1.1" 200 -
2025-02-20 22:19:10,521 - INFO - 127.0.0.1 - - [20/Feb/2025 22:19:10] "POST /predict HTTP/1.1" 200 -
2025-02-20 22:19:15,375 - INFO - 127.0.0.1 - - [20/Feb/2025 22:19:15] "POST /predict HTTP/1.1" 200 -
2025-02-20 22:19:20,592 - INFO - 127.0.0.1 - - [20/Feb/2025 22:19:20] "POST /predict HTTP/1.1" 200 -
2025-02-20 22:19:29,150 - INFO - 127.0.0.1 - - [20/Feb/2025 22:19:29] "POST /predict HTTP/1.1" 200 -
2025-02-20 22:19:57,234 - INFO - 127.0.0.1 - - [20/Feb/2025 22:19:57] "POST /predict HTTP/1.1" 200 -
2025-02-20 22:20:03,834 - INFO - 127.0.0.1 - - [20/Feb/2025 22:20:03] "POST /predict HTTP/1.1" 200 -
2025-02-20 22:20:09,442 - INFO - 127.0.0.1 - - [20/Feb/2025 22:20:09] "POST /predict HTTP/1.1" 200 -
2025-02-20 22:20:14,305 - INFO - 127.0.0.1 - - [20/Feb/2025 22:20:14] "POST /predict HTTP/1.1" 200 -
2025-02-20 22:20:19,673 - INFO - 127.0.0.1 - - [20/Feb/2025 22:20:19] "POST /predict HTTP/1.1" 200 -
2025-02-20 22:20:28,720 - INFO - 127.0.0.1 - - [20/Feb/2025 22:20:28] "POST /predict HTTP/1.1" 200 -
2025-02-20 22:20:33,979 - INFO - 127.0.0.1 - - [20/Feb/2025 22:20:33] "POST /predict HTTP/1.1" 200 -
2025-02-20 22:20:48,614 - INFO - 127.0.0.1 - - [20/Feb/2025 22:20:48] "POST /predict HTTP/1.1" 200 -
2025-02-20 22:20:53,796 - INFO - 127.0.0.1 - - [20/Feb/2025 22:20:53] "POST /predict HTTP/1.1" 200 -
2025-02-20 22:20:58,631 - INFO - 127.0.0.1 - - [20/Feb/2025 22:20:58] "POST /predict HTTP/1.1" 200 -
2025-02-20 22:21:02,392 - INFO - 127.0.0.1 - - [20/Feb/2025 22:21:02] "POST /predict HTTP/1.1" 200 -
2025-02-20 22:21:06,565 - INFO - 127.0.0.1 - - [20/Feb/2025 22:21:06] "POST /predict HTTP/1.1" 200 -
2025-02-20 22:21:23,864 - INFO - 127.0.0.1 - - [20/Feb/2025 22:21:23] "POST /predict HTTP/1.1" 200 -
2025-02-20 22:21:27,843 - INFO - 127.0.0.1 - - [20/Feb/2025 22:21:27] "POST /predict HTTP/1.1" 200 -
2025-02-20 22:21:35,433 - INFO - 127.0.0.1 - - [20/Feb/2025 22:21:35] "POST /predict HTTP/1.1" 200 -
2025-02-20 22:21:41,869 - INFO - 127.0.0.1 - - [20/Feb/2025 22:21:41] "POST /predict HTTP/1.1" 200 -
2025-02-20 22:21:58,400 - INFO - 127.0.0.1 - - [20/Feb/2025 22:21:58] "POST /predict HTTP/1.1" 200 -
2025-02-20 22:22:02,860 - INFO - 127.0.0.1 - - [20/Feb/2025 22:22:02] "POST /predict HTTP/1.1" 200 -
2025-02-20 22:22:08,025 - INFO - 127.0.0.1 - - [20/Feb/2025 22:22:08] "POST /predict HTTP/1.1" 200 -
2025-02-20 22:22:17,665 - INFO - 127.0.0.1 - - [20/Feb/2025 22:22:17] "POST /predict HTTP/1.1" 200 -
2025-02-20 22:22:30,517 - INFO - 127.0.0.1 - - [20/Feb/2025 22:22:30] "POST /predict HTTP/1.1" 200 -
2025-02-20 22:22:40,304 - INFO - 127.0.0.1 - - [20/Feb/2025 22:22:40] "POST /predict HTTP/1.1" 200 -
2025-02-20 22:23:05,343 - INFO - 127.0.0.1 - - [20/Feb/2025 22:23:05] "POST /predict HTTP/1.1" 200 -
2025-02-20 22:23:10,482 - INFO - 127.0.0.1 - - [20/Feb/2025 22:23:10] "POST /predict HTTP/1.1" 200 -
2025-02-20 22:49:36,594 - INFO - [31m[1mWARNING: This is a development server. Do not use it in a production deployment. Use a production WSGI server instead.[0m
 * Running on http://127.0.0.1:5000
2025-02-20 22:49:36,594 - INFO - [33mPress CTRL+C to quit[0m
2025-02-20 22:49:36,599 - INFO -  * Restarting with watchdog (windowsapi)
2025-02-20 22:49:41,210 - WARNING -  * Debugger is active!
2025-02-20 22:49:41,213 - INFO -  * Debugger PIN: 856-401-594
2025-02-20 22:49:49,069 - INFO - 127.0.0.1 - - [20/Feb/2025 22:49:49] "GET / HTTP/1.1" 200 -
2025-02-20 22:49:57,998 - INFO - 127.0.0.1 - - [20/Feb/2025 22:49:57] "POST /predict HTTP/1.1" 200 -
2025-02-20 22:50:01,412 - INFO - 127.0.0.1 - - [20/Feb/2025 22:50:01] "POST /predict HTTP/1.1" 200 -
2025-02-20 22:50:06,301 - INFO - 127.0.0.1 - - [20/Feb/2025 22:50:06] "POST /predict HTTP/1.1" 200 -
2025-02-20 22:50:12,517 - INFO - 127.0.0.1 - - [20/Feb/2025 22:50:12] "POST /predict HTTP/1.1" 200 -
2025-02-20 22:50:27,588 - INFO - 127.0.0.1 - - [20/Feb/2025 22:50:27] "POST /predict HTTP/1.1" 200 -
2025-02-20 22:50:37,804 - INFO - 127.0.0.1 - - [20/Feb/2025 22:50:37] "POST /predict HTTP/1.1" 200 -
2025-02-21 00:29:21,354 - INFO - [31m[1mWARNING: This is a development server. Do not use it in a production deployment. Use a production WSGI server instead.[0m
 * Running on http://127.0.0.1:5000
2025-02-21 00:29:21,354 - INFO - [33mPress CTRL+C to quit[0m
2025-02-21 00:29:21,370 - INFO -  * Restarting with watchdog (windowsapi)
2025-02-21 00:29:27,393 - WARNING -  * Debugger is active!
2025-02-21 00:29:27,401 - INFO -  * Debugger PIN: 856-401-594
2025-02-21 00:29:29,632 - INFO - 127.0.0.1 - - [21/Feb/2025 00:29:29] "GET / HTTP/1.1" 200 -
2025-02-21 00:29:33,533 - INFO - 127.0.0.1 - - [21/Feb/2025 00:29:33] "POST /predict HTTP/1.1" 200 -
2025-02-21 00:29:37,450 - INFO - 127.0.0.1 - - [21/Feb/2025 00:29:37] "POST /predict HTTP/1.1" 200 -
2025-02-21 00:55:50,326 - INFO - [31m[1mWARNING: This is a development server. Do not use it in a production deployment. Use a production WSGI server instead.[0m
 * Running on http://127.0.0.1:5000
2025-02-21 00:55:50,326 - INFO - [33mPress CTRL+C to quit[0m
2025-02-21 00:55:50,347 - INFO -  * Restarting with watchdog (windowsapi)
2025-02-21 00:55:56,166 - WARNING -  * Debugger is active!
2025-02-21 00:55:56,166 - INFO -  * Debugger PIN: 856-401-594
2025-02-21 00:55:58,819 - INFO - 127.0.0.1 - - [21/Feb/2025 00:55:58] "GET / HTTP/1.1" 200 -
2025-02-21 00:56:19,111 - INFO -  * Detected change in 'C:\\Users\\HP\\OneDrive\\Desktop\\ML\\venv\\Lib\\abc.py', reloading
2025-02-21 00:56:19,120 - INFO -  * Detected change in 'C:\\Users\\HP\\OneDrive\\Desktop\\ML\\venv\\Lib\\aifc.py', reloading
2025-02-21 00:56:19,149 - INFO -  * Detected change in 'C:\\Users\\HP\\OneDrive\\Desktop\\ML\\venv\\Lib\\antigravity.py', reloading
2025-02-21 00:56:19,175 - INFO -  * Detected change in 'C:\\Users\\HP\\OneDrive\\Desktop\\ML\\venv\\Lib\\argparse.py', reloading
2025-02-21 00:56:19,241 - INFO -  * Detected change in 'C:\\Users\\HP\\OneDrive\\Desktop\\ML\\venv\\Lib\\ast.py', reloading
2025-02-21 00:56:19,334 - INFO -  * Detected change in 'C:\\Users\\HP\\OneDrive\\Desktop\\ML\\venv\\Lib\\base64.py', reloading
2025-02-21 00:56:21,286 - INFO -  * Restarting with watchdog (windowsapi)
2025-02-21 00:56:55,875 - WARNING -  * Debugger is active!
2025-02-21 00:56:55,890 - INFO -  * Debugger PIN: 856-401-594
2025-02-21 00:57:03,371 - INFO -  * Detected change in 'C:\\Users\\HP\\OneDrive\\Desktop\\ML\\venv\\Lib\\site-packages\\tensorflow\\python\\ops\\rnn_cell_impl.py', reloading
2025-02-21 00:57:03,404 - INFO -  * Detected change in 'C:\\Users\\HP\\OneDrive\\Desktop\\ML\\venv\\Lib\\site-packages\\tensorflow_datasets\\audio\\accentdb.py', reloading
2025-02-21 00:57:03,418 - INFO -  * Detected change in 'C:\\Users\\HP\\OneDrive\\Desktop\\ML\\venv\\Lib\\site-packages\\tensorflow\\dtensor\\python\\accelerator_util.py', reloading
2025-02-21 00:57:03,439 - INFO -  * Detected change in 'C:\\Users\\HP\\OneDrive\\Desktop\\ML\\venv\\Lib\\site-packages\\tensorflow\\distribute\\experimental\\rpc\\proto\\tf_rpc_service_pb2.py', reloading
2025-02-21 00:57:03,443 - INFO -  * Detected change in 'C:\\Users\\HP\\OneDrive\\Desktop\\ML\\venv\\Lib\\site-packages\\tensorflow\\distribute\\experimental\\rpc\\kernels\\gen_rpc_ops.py', reloading
2025-02-21 00:57:03,465 - INFO -  * Detected change in 'C:\\Users\\HP\\OneDrive\\Desktop\\ML\\venv\\Lib\\site-packages\\tensorflow\\core\\profiler\\profiler_options_pb2.py', reloading
2025-02-21 00:57:03,467 - INFO -  * Detected change in 'C:\\Users\\HP\\OneDrive\\Desktop\\ML\\venv\\Lib\\site-packages\\tensorflow\\dtensor\\python\\config.py', reloading
2025-02-21 00:57:03,471 - INFO -  * Detected change in 'C:\\Users\\HP\\OneDrive\\Desktop\\ML\\venv\\Lib\\site-packages\\tensorflow\\distribute\\experimental\\rpc\\proto\\tf_rpc_service_pb2_grpc.py', reloading
2025-02-21 00:57:03,501 - INFO -  * Detected change in 'C:\\Users\\HP\\OneDrive\\Desktop\\ML\\venv\\Lib\\site-packages\\tensorflow\\core\\protobuf\\bfc_memory_map_pb2.py', reloading
2025-02-21 00:57:03,541 - INFO -  * Detected change in 'C:\\Users\\HP\\OneDrive\\Desktop\\ML\\venv\\Lib\\site-packages\\tensorflow\\core\\profiler\\tfprof_log_pb2.py', reloading
2025-02-21 00:57:03,542 - INFO -  * Detected change in 'C:\\Users\\HP\\OneDrive\\Desktop\\ML\\venv\\Lib\\site-packages\\tensorflow\\core\\protobuf\\cluster_pb2.py', reloading
2025-02-21 00:57:03,594 - INFO -  * Detected change in 'C:\\Users\\HP\\OneDrive\\Desktop\\ML\\venv\\Lib\\site-packages\\tensorflow\\core\\util\\test_log_pb2.py', reloading
2025-02-21 00:57:03,595 - INFO -  * Detected change in 'C:\\Users\\HP\\OneDrive\\Desktop\\ML\\venv\\Lib\\site-packages\\tensorflow\\core\\profiler\\tfprof_options_pb2.py', reloading
2025-02-21 00:57:03,598 - INFO -  * Detected change in 'C:\\Users\\HP\\OneDrive\\Desktop\\ML\\venv\\Lib\\site-packages\\tensorflow\\core\\profiler\\tfprof_output_pb2.py', reloading
2025-02-21 00:57:03,600 - INFO -  * Detected change in 'C:\\Users\\HP\\OneDrive\\Desktop\\ML\\venv\\Lib\\site-packages\\tensorflow\\core\\protobuf\\composite_tensor_variant_pb2.py', reloading
2025-02-21 00:57:03,602 - INFO -  * Detected change in 'C:\\Users\\HP\\OneDrive\\Desktop\\ML\\venv\\Lib\\site-packages\\tensorflow\\dtensor\\python\\gen_dtensor_ops.py', reloading
2025-02-21 00:57:03,602 - INFO -  * Detected change in 'C:\\Users\\HP\\OneDrive\\Desktop\\ML\\venv\\Lib\\site-packages\\tensorflow\\core\\util\\quantization\\uniform_quant_ops_attr_pb2.py', reloading
2025-02-21 00:57:03,603 - INFO -  * Detected change in 'C:\\Users\\HP\\OneDrive\\Desktop\\ML\\venv\\Lib\\site-packages\\tensorflow\\core\\util\\saved_tensor_slice_pb2.py', reloading
2025-02-21 00:57:03,604 - INFO -  * Detected change in 'C:\\Users\\HP\\OneDrive\\Desktop\\ML\\venv\\Lib\\site-packages\\tensorflow\\dtensor\\python\\d_variable.py', reloading
2025-02-21 00:57:03,608 - INFO -  * Detected change in 'C:\\Users\\HP\\OneDrive\\Desktop\\ML\\venv\\Lib\\site-packages\\tensorflow\\core\\util\\memmapped_file_system_pb2.py', reloading
2025-02-21 00:57:03,611 - INFO -  * Detected change in 'C:\\Users\\HP\\OneDrive\\Desktop\\ML\\venv\\Lib\\site-packages\\tensorflow\\dtensor\\python\\d_checkpoint.py', reloading
2025-02-21 00:57:03,612 - INFO -  * Detected change in 'C:\\Users\\HP\\OneDrive\\Desktop\\ML\\venv\\Lib\\site-packages\\tensorflow\\core\\util\\event_pb2.py', reloading
2025-02-21 00:57:03,613 - INFO -  * Detected change in 'C:\\Users\\HP\\OneDrive\\Desktop\\ML\\venv\\Lib\\site-packages\\tensorflow\\core\\tpu\\kernels\\sparse_core_layout_pb2.py', reloading
2025-02-21 00:57:03,615 - INFO -  * Detected change in 'C:\\Users\\HP\\OneDrive\\Desktop\\ML\\venv\\Lib\\site-packages\\tensorflow\\dtensor\\python\\dtensor_device.py', reloading
2025-02-21 00:57:03,617 - INFO -  * Detected change in 'C:\\Users\\HP\\OneDrive\\Desktop\\ML\\venv\\Lib\\site-packages\\tensorflow\\core\\profiler\\profile_pb2.py', reloading
2025-02-21 00:57:03,629 - INFO -  * Detected change in 'C:\\Users\\HP\\OneDrive\\Desktop\\ML\\venv\\Lib\\site-packages\\tensorflow\\dtensor\\python\\input_util.py', reloading
2025-02-21 00:57:03,632 - INFO -  * Detected change in 'C:\\Users\\HP\\OneDrive\\Desktop\\ML\\venv\\Lib\\site-packages\\tensorflow\\core\\profiler\\protobuf\\xplane_pb2.py', reloading
2025-02-21 00:57:03,637 - INFO -  * Detected change in 'C:\\Users\\HP\\OneDrive\\Desktop\\ML\\venv\\Lib\\site-packages\\tensorflow\\core\\protobuf\\config_pb2.py', reloading
2025-02-21 00:57:03,665 - INFO -  * Detected change in 'C:\\Users\\HP\\OneDrive\\Desktop\\ML\\venv\\Lib\\site-packages\\tensorflow\\dtensor\\python\\layout.py', reloading
2025-02-21 00:57:03,669 - INFO -  * Detected change in 'C:\\Users\\HP\\OneDrive\\Desktop\\ML\\venv\\Lib\\site-packages\\tensorflow\\core\\lib\\core\\error_codes_pb2.py', reloading
2025-02-21 00:57:03,671 - INFO -  * Detected change in 'C:\\Users\\HP\\OneDrive\\Desktop\\ML\\venv\\Lib\\site-packages\\tensorflow\\core\\protobuf\\control_flow_pb2.py', reloading
2025-02-21 00:57:03,688 - INFO -  * Detected change in 'C:\\Users\\HP\\OneDrive\\Desktop\\ML\\venv\\Lib\\site-packages\\tensorflow\\core\\protobuf\\core_platform_payloads_pb2.py', reloading
2025-02-21 00:57:03,691 - INFO -  * Detected change in 'C:\\Users\\HP\\OneDrive\\Desktop\\ML\\venv\\Lib\\site-packages\\tensorflow\\dtensor\\python\\mesh_util.py', reloading
2025-02-21 00:57:03,712 - INFO -  * Detected change in 'C:\\Users\\HP\\OneDrive\\Desktop\\ML\\venv\\Lib\\site-packages\\tensorflow\\core\\grappler\\costs\\op_performance_data_pb2.py', reloading
2025-02-21 00:57:03,722 - INFO -  * Detected change in 'C:\\Users\\HP\\OneDrive\\Desktop\\ML\\venv\\Lib\\site-packages\\tensorflow\\core\\function\\trace_type\\custom_nest_trace_type.py', reloading
2025-02-21 00:57:03,724 - INFO -  * Detected change in 'C:\\Users\\HP\\OneDrive\\Desktop\\ML\\venv\\Lib\\site-packages\\tensorflow\\dtensor\\proto\\layout_pb2.py', reloading
2025-02-21 00:57:03,734 - INFO -  * Detected change in 'C:\\Users\\HP\\OneDrive\\Desktop\\ML\\venv\\Lib\\site-packages\\tensorflow\\core\\protobuf\\data_service_pb2.py', reloading
2025-02-21 00:57:03,735 - INFO -  * Detected change in 'C:\\Users\\HP\\OneDrive\\Desktop\\ML\\venv\\Lib\\site-packages\\tensorflow\\core\\function\\capture\\capture_container.py', reloading
2025-02-21 00:57:03,735 - INFO -  * Detected change in 'C:\\Users\\HP\\OneDrive\\Desktop\\ML\\venv\\Lib\\site-packages\\tensorflow\\dtensor\\python\\numpy_util.py', reloading
2025-02-21 00:57:03,751 - INFO -  * Detected change in 'C:\\Users\\HP\\OneDrive\\Desktop\\ML\\venv\\Lib\\site-packages\\tensorflow\\core\\function\\trace_type\\default_types.py', reloading
2025-02-21 00:57:03,752 - INFO -  * Detected change in 'C:\\Users\\HP\\OneDrive\\Desktop\\ML\\venv\\Lib\\site-packages\\tensorflow\\core\\framework\\allocation_description_pb2.py', reloading
2025-02-21 00:57:03,770 - INFO -  * Detected change in 'C:\\Users\\HP\\OneDrive\\Desktop\\ML\\venv\\Lib\\site-packages\\tensorflow\\core\\protobuf\\debug_event_pb2.py', reloading
2025-02-21 00:57:03,798 - INFO -  * Detected change in 'C:\\Users\\HP\\OneDrive\\Desktop\\ML\\venv\\Lib\\site-packages\\tensorflow\\core\\function\\polymorphism\\function_cache.py', reloading
2025-02-21 00:57:03,802 - INFO -  * Detected change in 'C:\\Users\\HP\\OneDrive\\Desktop\\ML\\venv\\Lib\\site-packages\\tensorflow\\dtensor\\python\\__init__.py', reloading
2025-02-21 00:57:03,803 - INFO -  * Detected change in 'C:\\Users\\HP\\OneDrive\\Desktop\\ML\\venv\\Lib\\site-packages\\tensorflow\\core\\example\\example_pb2.py', reloading
2025-02-21 00:57:03,804 - INFO -  * Detected change in 'C:\\Users\\HP\\OneDrive\\Desktop\\ML\\venv\\Lib\\site-packages\\tensorflow\\dtensor\\python\\tpu_util.py', reloading
2025-02-21 00:57:03,805 - INFO -  * Detected change in 'C:\\Users\\HP\\OneDrive\\Desktop\\ML\\venv\\Lib\\site-packages\\tensorflow\\core\\debug\\debugger_event_metadata_pb2.py', reloading
2025-02-21 00:57:03,805 - INFO -  * Detected change in 'C:\\Users\\HP\\OneDrive\\Desktop\\ML\\venv\\Lib\\site-packages\\tensorflow\\core\\function\\capture\\restore_captures.py', reloading
2025-02-21 00:57:03,806 - INFO -  * Detected change in 'C:\\Users\\HP\\OneDrive\\Desktop\\ML\\venv\\Lib\\site-packages\\tensorflow\\core\\framework\\api_def_pb2.py', reloading
2025-02-21 00:57:03,808 - INFO -  * Detected change in 'C:\\Users\\HP\\OneDrive\\Desktop\\ML\\venv\\Lib\\site-packages\\tensorflow\\core\\distributed_runtime\\preemption\\gen_check_preemption_op.py', reloading
2025-02-21 00:57:03,825 - INFO -  * Detected change in 'C:\\Users\\HP\\OneDrive\\Desktop\\ML\\venv\\Lib\\site-packages\\tensorflow\\core\\example\\feature_pb2.py', reloading
2025-02-21 00:57:03,827 - INFO -  * Detected change in 'C:\\Users\\HP\\OneDrive\\Desktop\\ML\\venv\\Lib\\site-packages\\tensorflow\\core\\debug\\debug_service_pb2.py', reloading
2025-02-21 00:57:03,827 - INFO -  * Detected change in 'C:\\Users\\HP\\OneDrive\\Desktop\\ML\\venv\\Lib\\site-packages\\tensorflow\\core\\function\\trace_type\\default_types_pb2.py', reloading
2025-02-21 00:57:03,828 - INFO -  * Detected change in 'C:\\Users\\HP\\OneDrive\\Desktop\\ML\\venv\\Lib\\site-packages\\tensorflow\\core\\framework\\attr_value_pb2.py', reloading
2025-02-21 00:57:03,829 - INFO -  * Detected change in 'C:\\Users\\HP\\OneDrive\\Desktop\\ML\\venv\\Lib\\site-packages\\tensorflow\\core\\protobuf\\debug_pb2.py', reloading
2025-02-21 00:57:03,831 - INFO -  * Detected change in 'C:\\Users\\HP\\OneDrive\\Desktop\\ML\\venv\\Lib\\site-packages\\tensorflow\\dtensor\\python\\save_restore.py', reloading
2025-02-21 00:57:03,832 - INFO -  * Detected change in 'C:\\Users\\HP\\OneDrive\\Desktop\\ML\\venv\\Lib\\site-packages\\tensorflow\\core\\example\\example_parser_configuration_pb2.py', reloading
2025-02-21 00:57:03,885 - INFO -  * Detected change in 'C:\\Users\\HP\\OneDrive\\Desktop\\ML\\venv\\Lib\\site-packages\\tensorflow\\core\\framework\\cpp_shape_inference_pb2.py', reloading
2025-02-21 00:57:03,888 - INFO -  * Detected change in 'C:\\Users\\HP\\OneDrive\\Desktop\\ML\\venv\\Lib\\site-packages\\tensorflow\\core\\protobuf\\device_properties_pb2.py', reloading
2025-02-21 00:57:03,889 - INFO -  * Detected change in 'C:\\Users\\HP\\OneDrive\\Desktop\\ML\\venv\\Lib\\site-packages\\tensorflow\\dtensor\\python\\tests\\test_backend_util.py', reloading
2025-02-21 00:57:03,894 - INFO -  * Detected change in 'C:\\Users\\HP\\OneDrive\\Desktop\\ML\\venv\\Lib\\site-packages\\tensorflow\\core\\function\\trace_type\\serialization_pb2.py', reloading
2025-02-21 00:57:03,895 - INFO -  * Detected change in 'C:\\Users\\HP\\OneDrive\\Desktop\\ML\\venv\\Lib\\site-packages\\tensorflow\\core\\config\\flags.py', reloading
2025-02-21 00:57:03,897 - INFO -  * Detected change in 'C:\\Users\\HP\\OneDrive\\Desktop\\ML\\venv\\Lib\\site-packages\\tensorflow\\core\\framework\\cost_graph_pb2.py', reloading
2025-02-21 00:57:03,897 - INFO -  * Detected change in 'C:\\Users\\HP\\OneDrive\\Desktop\\ML\\venv\\Lib\\site-packages\\tensorflow\\dtensor\\python\\tests\\test_backend_name.py', reloading
2025-02-21 00:57:03,898 - INFO -  * Detected change in 'C:\\Users\\HP\\OneDrive\\Desktop\\ML\\venv\\Lib\\site-packages\\tensorflow\\core\\protobuf\\device_filters_pb2.py', reloading
2025-02-21 00:57:03,899 - INFO -  * Detected change in 'C:\\Users\\HP\\OneDrive\\Desktop\\ML\\venv\\Lib\\site-packages\\tensorflow\\core\\function\\polymorphism\\function_type.py', reloading
2025-02-21 00:57:03,900 - INFO -  * Detected change in 'C:\\Users\\HP\\OneDrive\\Desktop\\ML\\venv\\Lib\\site-packages\\tensorflow\\core\\function\\trace_type\\serialization.py', reloading
2025-02-21 00:57:03,901 - INFO -  * Detected change in 'C:\\Users\\HP\\OneDrive\\Desktop\\ML\\venv\\Lib\\site-packages\\tensorflow\\core\\debug\\debug_service_pb2_grpc.py', reloading
2025-02-21 00:57:03,902 - INFO -  * Detected change in 'C:\\Users\\HP\\OneDrive\\Desktop\\ML\\venv\\Lib\\site-packages\\tensorflow\\dtensor\\python\\tests\\multi_client_test_util.py', reloading
2025-02-21 00:57:03,903 - INFO -  * Detected change in 'C:\\Users\\HP\\OneDrive\\Desktop\\ML\\venv\\Lib\\site-packages\\tensorflow\\dtensor\\python\\tests\\test_util.py', reloading
2025-02-21 00:57:03,928 - INFO -  * Detected change in 'C:\\Users\\HP\\OneDrive\\Desktop\\ML\\venv\\Lib\\site-packages\\tensorflow\\compiler\\jit\\ops\\xla_ops.py', reloading
2025-02-21 00:57:03,930 - INFO -  * Detected change in 'C:\\Users\\HP\\OneDrive\\Desktop\\ML\\venv\\Lib\\site-packages\\tensorflow\\dtensor\\python\\tests\\test_util_ops.py', reloading
2025-02-21 00:57:03,931 - INFO -  * Detected change in 'C:\\Users\\HP\\OneDrive\\Desktop\\ML\\venv\\Lib\\site-packages\\tensorflow\\core\\protobuf\\error_codes_pb2.py', reloading
2025-02-21 00:57:03,982 - INFO -  * Detected change in 'C:\\Users\\HP\\OneDrive\\Desktop\\ML\\venv\\Lib\\site-packages\\tensorflow\\core\\framework\\dataset_options_pb2.py', reloading
2025-02-21 00:57:03,987 - INFO -  * Detected change in 'C:\\Users\\HP\\OneDrive\\Desktop\\ML\\venv\\Lib\\site-packages\\tensorflow\\compiler\\xla\\service\\hlo_pb2.py', reloading
2025-02-21 00:57:03,989 - INFO -  * Detected change in 'C:\\Users\\HP\\OneDrive\\Desktop\\ML\\venv\\Lib\\site-packages\\tensorflow\\core\\function\\trace_type\\serialization_test_pb2.py', reloading
2025-02-21 00:57:03,992 - INFO -  * Detected change in 'C:\\Users\\HP\\OneDrive\\Desktop\\ML\\venv\\Lib\\site-packages\\tensorflow\\core\\function\\polymorphism\\function_type_pb2.py', reloading
2025-02-21 00:57:03,993 - INFO -  * Detected change in 'C:\\Users\\HP\\OneDrive\\Desktop\\ML\\venv\\Lib\\site-packages\\tensorflow\\core\\protobuf\\fingerprint_pb2.py', reloading
2025-02-21 00:57:03,994 - INFO -  * Detected change in 'C:\\Users\\HP\\OneDrive\\Desktop\\ML\\venv\\Lib\\site-packages\\tensorflow\\compiler\\xla\\tsl\\protobuf\\bfc_memory_map_pb2.py', reloading
2025-02-21 00:57:03,995 - INFO -  * Detected change in 'C:\\Users\\HP\\OneDrive\\Desktop\\ML\\venv\\Lib\\site-packages\\tensorflow\\core\\function\\trace_type\\trace_type_builder.py', reloading
2025-02-21 00:57:03,996 - INFO -  * Detected change in 'C:\\Users\\HP\\OneDrive\\Desktop\\ML\\venv\\Lib\\site-packages\\tensorflow\\core\\protobuf\\meta_graph_pb2.py', reloading
2025-02-21 00:57:03,998 - INFO -  * Detected change in 'C:\\Users\\HP\\OneDrive\\Desktop\\ML\\venv\\Lib\\site-packages\\tensorflow\\compiler\\xla\\xla_data_pb2.py', reloading
2025-02-21 00:57:04,000 - INFO -  * Detected change in 'C:\\Users\\HP\\OneDrive\\Desktop\\ML\\venv\\Lib\\site-packages\\tensorflow\\core\\framework\\dataset_metadata_pb2.py', reloading
2025-02-21 00:57:04,009 - INFO -  * Detected change in 'C:\\Users\\HP\\OneDrive\\Desktop\\ML\\venv\\Lib\\site-packages\\tensorflow\\compiler\\xla\\tsl\\protobuf\\test_log_pb2.py', reloading
2025-02-21 00:57:04,037 - INFO -  * Detected change in 'C:\\Users\\HP\\OneDrive\\Desktop\\ML\\venv\\Lib\\site-packages\\tensorflow\\compiler\\tf2xla\\tf2xla_pb2.py', reloading
2025-02-21 00:57:04,038 - INFO -  * Detected change in 'C:\\Users\\HP\\OneDrive\\Desktop\\ML\\venv\\Lib\\site-packages\\tensorflow\\core\\protobuf\\named_tensor_pb2.py', reloading
2025-02-21 00:57:04,041 - INFO -  * Detected change in 'C:\\Users\\HP\\OneDrive\\Desktop\\ML\\venv\\Lib\\site-packages\\tensorflow\\core\\function\\trace_type\\util.py', reloading
2025-02-21 00:57:04,042 - INFO -  * Detected change in 'C:\\Users\\HP\\OneDrive\\Desktop\\ML\\venv\\Lib\\site-packages\\tensorflow\\core\\framework\\dataset_pb2.py', reloading
2025-02-21 00:57:04,045 - INFO -  * Detected change in 'C:\\Users\\HP\\OneDrive\\Desktop\\ML\\venv\\Lib\\site-packages\\tensorflow\\core\\function\\polymorphism\\type_dispatch.py', reloading
2025-02-21 00:57:04,048 - INFO -  * Detected change in 'C:\\Users\\HP\\OneDrive\\Desktop\\ML\\venv\\Lib\\site-packages\\tensorflow\\compiler\\tf2xla\\ops\\gen_xla_ops.py', reloading
2025-02-21 00:57:04,072 - INFO -  * Detected change in 'C:\\Users\\HP\\OneDrive\\Desktop\\ML\\venv\\Lib\\site-packages\\tensorflow\\compiler\\tf2tensorrt\\ops\\gen_trt_ops.py', reloading
2025-02-21 00:57:04,073 - INFO -  * Detected change in 'C:\\Users\\HP\\OneDrive\\Desktop\\ML\\venv\\Lib\\site-packages\\tensorflow\\core\\protobuf\\queue_runner_pb2.py', reloading
2025-02-21 00:57:04,075 - INFO -  * Detected change in 'C:\\Users\\HP\\OneDrive\\Desktop\\ML\\venv\\Lib\\site-packages\\tensorflow\\core\\framework\\device_attributes_pb2.py', reloading
2025-02-21 00:57:04,075 - INFO -  * Detected change in 'C:\\Users\\HP\\OneDrive\\Desktop\\ML\\venv\\Lib\\site-packages\\tensorflow\\core\\function\\trace_type\\__init__.py', reloading
2025-02-21 00:57:04,082 - INFO -  * Detected change in 'C:\\Users\\HP\\OneDrive\\Desktop\\ML\\venv\\Lib\\site-packages\\tensorboard_data_server\\__init__.py', reloading
2025-02-21 00:57:04,107 - INFO -  * Detected change in 'C:\\Users\\HP\\OneDrive\\Desktop\\ML\\venv\\Lib\\site-packages\\tensorflow\\core\\framework\\full_type_pb2.py', reloading
2025-02-21 00:57:04,143 - INFO -  * Detected change in 'C:\\Users\\HP\\OneDrive\\Desktop\\ML\\venv\\Lib\\site-packages\\tensorflow\\compiler\\mlir\\quantization\\tensorflow\\calibrator\\calibration_algorithm.py', reloading
2025-02-21 00:57:04,145 - INFO -  * Detected change in 'C:\\Users\\HP\\OneDrive\\Desktop\\ML\\venv\\Lib\\site-packages\\tensorflow\\core\\protobuf\\rewriter_config_pb2.py', reloading
2025-02-21 00:57:04,148 - INFO -  * Detected change in 'C:\\Users\\HP\\OneDrive\\Desktop\\ML\\venv\\Lib\\site-packages\\tensorflow\\compiler\\mlir\\stablehlo\\stablehlo.py', reloading
2025-02-21 00:57:04,149 - INFO -  * Detected change in 'C:\\Users\\HP\\OneDrive\\Desktop\\ML\\venv\\Lib\\site-packages\\tensorflow\\compiler\\mlir\\tensorflow\\gen_mlir_passthrough_op.py', reloading
2025-02-21 00:57:04,150 - INFO -  * Detected change in 'C:\\Users\\HP\\OneDrive\\Desktop\\ML\\venv\\Lib\\site-packages\\tensorflow\\core\\protobuf\\remote_tensor_handle_pb2.py', reloading
2025-02-21 00:57:04,184 - INFO -  * Detected change in 'C:\\Users\\HP\\OneDrive\\Desktop\\ML\\venv\\Lib\\site-packages\\tensorflow\\compiler\\mlir\\quantization\\tensorflow\\calibrator\\calibration_statistics_pb2.py', reloading
2025-02-21 00:57:04,185 - INFO -  * Detected change in 'C:\\Users\\HP\\OneDrive\\Desktop\\ML\\venv\\Lib\\site-packages\\tensorflow\\core\\protobuf\\rpc_options_pb2.py', reloading
2025-02-21 00:57:04,206 - INFO -  * Detected change in 'C:\\Users\\HP\\OneDrive\\Desktop\\ML\\venv\\Lib\\site-packages\\tensorflow\\core\\protobuf\\saved_model_pb2.py', reloading
2025-02-21 00:57:04,207 - INFO -  * Detected change in 'C:\\Users\\HP\\OneDrive\\Desktop\\ML\\venv\\Lib\\site-packages\\tensorflow\\compiler\\mlir\\quantization\\tensorflow\\quantization_options_pb2.py', reloading
2025-02-21 00:57:05,875 - INFO -  * Restarting with watchdog (windowsapi)
2025-02-21 00:57:36,348 - WARNING -  * Debugger is active!
2025-02-21 00:57:36,369 - INFO -  * Debugger PIN: 856-401-594
2025-02-21 00:57:36,483 - INFO -  * Detected change in 'C:\\Users\\HP\\OneDrive\\Desktop\\ML\\venv\\Lib\\site-packages\\numpy\\_core\\tests\\test_dtype.py', reloading
2025-02-21 00:57:36,489 - INFO -  * Detected change in 'C:\\Users\\HP\\OneDrive\\Desktop\\ML\\venv\\Lib\\site-packages\\numpy\\lib\\mixins.py', reloading
2025-02-21 00:57:36,491 - INFO -  * Detected change in 'C:\\Users\\HP\\OneDrive\\Desktop\\ML\\venv\\Lib\\site-packages\\numpy\\_core\\tests\\test_dlpack.py', reloading
2025-02-21 00:57:36,497 - INFO -  * Detected change in 'C:\\Users\\HP\\OneDrive\\Desktop\\ML\\venv\\Lib\\site-packages\\numpy\\_core\\tests\\test_deprecations.py', reloading
2025-02-21 00:57:36,504 - INFO -  * Detected change in 'C:\\Users\\HP\\OneDrive\\Desktop\\ML\\venv\\Lib\\site-packages\\numpy\\matrixlib\\tests\\test_regression.py', reloading
2025-02-21 00:57:36,508 - INFO -  * Detected change in 'C:\\Users\\HP\\OneDrive\\Desktop\\ML\\venv\\Lib\\site-packages\\numpy\\lib\\introspect.py', reloading
2025-02-21 00:57:36,510 - INFO -  * Detected change in 'C:\\Users\\HP\\OneDrive\\Desktop\\ML\\venv\\Lib\\site-packages\\numpy\\matrixlib\\tests\\test_numeric.py', reloading
2025-02-21 00:57:36,557 - INFO -  * Detected change in 'C:\\Users\\HP\\OneDrive\\Desktop\\ML\\venv\\Lib\\site-packages\\numpy\\fft\\tests\\test_helper.py', reloading
2025-02-21 00:57:36,557 - INFO -  * Detected change in 'C:\\Users\\HP\\OneDrive\\Desktop\\ML\\venv\\Lib\\site-packages\\numpy\\_core\\tests\\test_einsum.py', reloading
2025-02-21 00:57:36,558 - INFO -  * Detected change in 'C:\\Users\\HP\\OneDrive\\Desktop\\ML\\venv\\Lib\\site-packages\\numpy\\fft\\_helper.py', reloading
2025-02-21 00:57:36,562 - INFO -  * Detected change in 'C:\\Users\\HP\\OneDrive\\Desktop\\ML\\venv\\Lib\\site-packages\\numpy\\f2py\\auxfuncs.py', reloading
2025-02-21 00:57:36,563 - INFO -  * Detected change in 'C:\\Users\\HP\\OneDrive\\Desktop\\ML\\venv\\Lib\\site-packages\\numpy\\fft\\helper.py', reloading
2025-02-21 00:57:36,565 - INFO -  * Detected change in 'C:\\Users\\HP\\OneDrive\\Desktop\\ML\\venv\\Lib\\site-packages\\numpy\\lib\\npyio.py', reloading
2025-02-21 00:57:36,569 - INFO -  * Detected change in 'C:\\Users\\HP\\OneDrive\\Desktop\\ML\\venv\\Lib\\sqlite3\\dump.py', reloading
2025-02-21 00:57:36,571 - INFO -  * Detected change in 'C:\\Users\\HP\\OneDrive\\Desktop\\ML\\venv\\Lib\\site-packages\\openpyxl\\chart\\line_chart.py', reloading
2025-02-21 00:57:36,603 - INFO -  * Detected change in 'C:\\Users\\HP\\OneDrive\\Desktop\\ML\\venv\\Lib\\site-packages\\numpy\\lib\\recfunctions.py', reloading
2025-02-21 00:57:36,605 - INFO -  * Detected change in 'C:\\Users\\HP\\OneDrive\\Desktop\\ML\\venv\\Lib\\site-packages\\numpy\\doc\\ufuncs.py', reloading
2025-02-21 00:57:36,606 - INFO -  * Detected change in 'C:\\Users\\HP\\OneDrive\\Desktop\\ML\\venv\\Lib\\site-packages\\numpy\\f2py\\capi_maps.py', reloading
2025-02-21 00:57:36,607 - INFO -  * Detected change in 'C:\\Users\\HP\\OneDrive\\Desktop\\ML\\venv\\Lib\\site-packages\\numpy\\fft\\tests\\test_pocketfft.py', reloading
2025-02-21 00:57:36,608 - INFO -  * Detected change in 'C:\\Users\\HP\\OneDrive\\Desktop\\ML\\venv\\Lib\\site-packages\\numpy\\_core\\tests\\test_errstate.py', reloading
2025-02-21 00:57:36,610 - INFO -  * Detected change in 'C:\\Users\\HP\\OneDrive\\Desktop\\ML\\venv\\Lib\\site-packages\\numpy\\core\\einsumfunc.py', reloading
2025-02-21 00:57:36,611 - INFO -  * Detected change in 'C:\\Users\\HP\\OneDrive\\Desktop\\ML\\venv\\Lib\\site-packages\\numpy\\_core\\tests\\test_extint128.py', reloading
2025-02-21 00:57:36,628 - INFO -  * Detected change in 'C:\\Users\\HP\\OneDrive\\Desktop\\ML\\venv\\Lib\\site-packages\\numpy\\f2py\\cb_rules.py', reloading
2025-02-21 00:57:36,629 - INFO -  * Detected change in 'C:\\Users\\HP\\OneDrive\\Desktop\\ML\\venv\\Lib\\site-packages\\numpy\\distutils\\armccompiler.py', reloading
2025-02-21 00:57:36,631 - INFO -  * Detected change in 'C:\\Users\\HP\\OneDrive\\Desktop\\ML\\venv\\Lib\\site-packages\\numpy\\lib\\scimath.py', reloading
2025-02-21 00:57:36,632 - INFO -  * Detected change in 'C:\\Users\\HP\\OneDrive\\Desktop\\ML\\venv\\Lib\\site-packages\\numpy\\_core\\_string_helpers.py', reloading
2025-02-21 00:57:36,634 - INFO -  * Detected change in 'C:\\Users\\HP\\OneDrive\\Desktop\\ML\\venv\\Lib\\site-packages\\numpy\\_core\\tests\\test_function_base.py', reloading
2025-02-21 00:57:36,635 - INFO -  * Detected change in 'C:\\Users\\HP\\OneDrive\\Desktop\\ML\\venv\\Lib\\site-packages\\numpy\\fft\\_pocketfft.py', reloading
2025-02-21 00:57:36,645 - INFO -  * Detected change in 'C:\\Users\\HP\\OneDrive\\Desktop\\ML\\venv\\Lib\\site-packages\\numpy\\distutils\\ccompiler.py', reloading
2025-02-21 00:57:36,652 - INFO -  * Detected change in 'C:\\Users\\HP\\OneDrive\\Desktop\\ML\\venv\\Lib\\site-packages\\numpy\\_core\\tests\\test_getlimits.py', reloading
2025-02-21 00:57:36,653 - INFO -  * Detected change in 'C:\\Users\\HP\\OneDrive\\Desktop\\ML\\venv\\Lib\\site-packages\\prompt_toolkit\\clipboard\\pyperclip.py', reloading
2025-02-21 00:57:36,668 - INFO -  * Detected change in 'C:\\Users\\HP\\OneDrive\\Desktop\\ML\\venv\\Lib\\site-packages\\numpy\\lib\\stride_tricks.py', reloading
2025-02-21 00:57:36,681 - INFO -  * Detected change in 'C:\\Users\\HP\\OneDrive\\Desktop\\ML\\venv\\Lib\\site-packages\\numpy\\_core\\tests\\test_half.py', reloading
2025-02-21 00:57:36,730 - INFO -  * Detected change in 'C:\\Users\\HP\\OneDrive\\Desktop\\ML\\venv\\Lib\\site-packages\\numpy\\lib\\user_array.py', reloading
2025-02-21 00:57:36,733 - INFO -  * Detected change in 'C:\\Users\\HP\\OneDrive\\Desktop\\ML\\venv\\Lib\\site-packages\\namex\\generate.py', reloading
2025-02-21 00:57:36,734 - INFO -  * Detected change in 'C:\\Users\\HP\\OneDrive\\Desktop\\ML\\venv\\Lib\\site-packages\\numpy\\distutils\\conv_template.py', reloading
2025-02-21 00:57:36,736 - INFO -  * Detected change in 'C:\\Users\\HP\\OneDrive\\Desktop\\ML\\venv\\Lib\\site-packages\\numpy\\distutils\\command\\autodist.py', reloading
2025-02-21 00:57:36,737 - INFO -  * Detected change in 'C:\\Users\\HP\\OneDrive\\Desktop\\ML\\venv\\Lib\\site-packages\\numpy\\_core\\tests\\test_indexerrors.py', reloading
2025-02-21 00:57:36,738 - INFO -  * Detected change in 'C:\\Users\\HP\\OneDrive\\Desktop\\ML\\venv\\Lib\\site-packages\\numpy\\f2py\\common_rules.py', reloading
2025-02-21 00:57:36,738 - INFO -  * Detected change in 'C:\\Users\\HP\\OneDrive\\Desktop\\ML\\venv\\Lib\\site-packages\\namex\\export.py', reloading
2025-02-21 00:57:36,739 - INFO -  * Detected change in 'C:\\Users\\HP\\OneDrive\\Desktop\\ML\\venv\\Lib\\site-packages\\narwhals\\dataframe.py', reloading
2025-02-21 00:57:36,829 - INFO -  * Detected change in 'C:\\Users\\HP\\OneDrive\\Desktop\\ML\\venv\\Lib\\site-packages\\numpy\\_core\\tests\\test_longdouble.py', reloading
2025-02-21 00:57:36,830 - INFO -  * Detected change in 'C:\\Users\\HP\\OneDrive\\Desktop\\ML\\venv\\Lib\\site-packages\\numpy\\distutils\\command\\build_py.py', reloading
2025-02-21 00:57:36,830 - INFO -  * Detected change in 'C:\\Users\\HP\\OneDrive\\Desktop\\ML\\venv\\Lib\\site-packages\\numpy\\f2py\\f2py2e.py', reloading
2025-02-21 00:57:36,831 - INFO -  * Detected change in 'C:\\Users\\HP\\OneDrive\\Desktop\\ML\\venv\\Lib\\site-packages\\numpy\\lib\\tests\\test_arrayterator.py', reloading
2025-02-21 00:57:36,832 - INFO -  * Detected change in 'C:\\Users\\HP\\OneDrive\\Desktop\\ML\\venv\\Lib\\site-packages\\numpy\\_core\\tests\\test_limited_api.py', reloading
2025-02-21 00:57:36,835 - INFO -  * Detected change in 'C:\\Users\\HP\\OneDrive\\Desktop\\ML\\venv\\Lib\\site-packages\\narwhals\\expr.py', reloading
2025-02-21 00:57:36,839 - INFO -  * Detected change in 'C:\\Users\\HP\\OneDrive\\Desktop\\ML\\venv\\Lib\\site-packages\\numpy\\distutils\\exec_command.py', reloading
2025-02-21 00:57:36,839 - INFO -  * Detected change in 'C:\\Users\\HP\\OneDrive\\Desktop\\ML\\venv\\Lib\\site-packages\\numpy\\lib\\_arraysetops_impl.py', reloading
2025-02-21 00:57:36,840 - INFO -  * Detected change in 'C:\\Users\\HP\\OneDrive\\Desktop\\ML\\venv\\Lib\\site-packages\\numpy\\distutils\\command\\build_ext.py', reloading
2025-02-21 00:57:36,841 - INFO -  * Detected change in 'C:\\Users\\HP\\OneDrive\\Desktop\\ML\\venv\\Lib\\site-packages\\numpy\\lib\\tests\\test_arraysetops.py', reloading
2025-02-21 00:57:36,842 - INFO -  * Detected change in 'C:\\Users\\HP\\OneDrive\\Desktop\\ML\\venv\\Lib\\site-packages\\narwhals\\exceptions.py', reloading
2025-02-21 00:57:36,842 - INFO -  * Detected change in 'C:\\Users\\HP\\OneDrive\\Desktop\\ML\\venv\\Lib\\site-packages\\numpy\\lib\\tests\\test_array_utils.py', reloading
2025-02-21 00:57:36,843 - INFO -  * Detected change in 'C:\\Users\\HP\\OneDrive\\Desktop\\ML\\venv\\Lib\\site-packages\\numpy\\distutils\\cpuinfo.py', reloading
2025-02-21 00:57:36,844 - INFO -  * Detected change in 'C:\\Users\\HP\\OneDrive\\Desktop\\ML\\venv\\Lib\\site-packages\\numpy\\_core\\tests\\test_item_selection.py', reloading
2025-02-21 00:57:36,845 - INFO -  * Detected change in 'C:\\Users\\HP\\OneDrive\\Desktop\\ML\\venv\\Lib\\site-packages\\numpy\\f2py\\diagnose.py', reloading
2025-02-21 00:57:36,847 - INFO -  * Detected change in 'C:\\Users\\HP\\OneDrive\\Desktop\\ML\\venv\\Lib\\site-packages\\numpy\\distutils\\command\\build_clib.py', reloading
2025-02-21 00:57:36,848 - INFO -  * Detected change in 'C:\\Users\\HP\\OneDrive\\Desktop\\ML\\venv\\Lib\\site-packages\\numpy\\_core\\_type_aliases.py', reloading
2025-02-21 00:57:36,848 - INFO -  * Detected change in 'C:\\Users\\HP\\OneDrive\\Desktop\\ML\\venv\\Lib\\site-packages\\narwhals\\dtypes.py', reloading
2025-02-21 00:57:36,850 - INFO -  * Detected change in 'C:\\Users\\HP\\OneDrive\\Desktop\\ML\\venv\\Lib\\site-packages\\numpy\\fft\\__init__.py', reloading
2025-02-21 00:57:36,851 - INFO -  * Detected change in 'C:\\Users\\HP\\OneDrive\\Desktop\\ML\\venv\\Lib\\site-packages\\numpy\\distutils\\core.py', reloading
2025-02-21 00:57:36,852 - INFO -  * Detected change in 'C:\\Users\\HP\\OneDrive\\Desktop\\ML\\venv\\Lib\\site-packages\\numpy\\lib\\_arraypad_impl.py', reloading
2025-02-21 00:57:36,853 - INFO -  * Detected change in 'C:\\Users\\HP\\OneDrive\\Desktop\\ML\\venv\\Lib\\site-packages\\numpy\\lib\\tests\\test_arraypad.py', reloading
2025-02-21 00:57:36,854 - INFO -  * Detected change in 'C:\\Users\\HP\\OneDrive\\Desktop\\ML\\venv\\Lib\\site-packages\\numpy\\f2py\\crackfortran.py', reloading
2025-02-21 00:57:36,855 - INFO -  * Detected change in 'C:\\Users\\HP\\OneDrive\\Desktop\\ML\\venv\\Lib\\site-packages\\numpy\\distutils\\command\\build.py', reloading
2025-02-21 00:57:36,855 - INFO -  * Detected change in 'C:\\Users\\HP\\OneDrive\\Desktop\\ML\\venv\\Lib\\site-packages\\numpy\\_core\\tests\\test_indexing.py', reloading
2025-02-21 00:57:36,856 - INFO -  * Detected change in 'C:\\Users\\HP\\OneDrive\\Desktop\\ML\\venv\\Lib\\site-packages\\narwhals\\dependencies.py', reloading
2025-02-21 00:57:36,856 - INFO -  * Detected change in 'C:\\Users\\HP\\OneDrive\\Desktop\\ML\\venv\\Lib\\site-packages\\namex\\__init__.py', reloading
2025-02-21 00:57:36,858 - INFO -  * Detected change in 'C:\\Users\\HP\\OneDrive\\Desktop\\ML\\venv\\Lib\\site-packages\\numpy\\distutils\\command\\bdist_rpm.py', reloading
2025-02-21 00:57:37,010 - INFO -  * Detected change in 'C:\\Users\\HP\\OneDrive\\Desktop\\ML\\venv\\Lib\\site-packages\\numpy\\lib\\tests\\test_io.py', reloading
2025-02-21 00:57:37,012 - INFO -  * Detected change in 'C:\\Users\\HP\\OneDrive\\Desktop\\ML\\venv\\Lib\\site-packages\\numpy\\lib\\_datasource.py', reloading
2025-02-21 00:57:37,012 - INFO -  * Detected change in 'C:\\Users\\HP\\OneDrive\\Desktop\\ML\\venv\\Lib\\site-packages\\numpy\\distutils\\command\\install_data.py', reloading
2025-02-21 00:57:37,014 - INFO -  * Detected change in 'C:\\Users\\HP\\OneDrive\\Desktop\\ML\\venv\\Lib\\site-packages\\numpy\\distutils\\lib2def.py', reloading
2025-02-21 00:57:37,014 - INFO -  * Detected change in 'C:\\Users\\HP\\OneDrive\\Desktop\\ML\\venv\\Lib\\site-packages\\numpy\\f2py\\use_rules.py', reloading
2025-02-21 00:57:37,015 - INFO -  * Detected change in 'C:\\Users\\HP\\OneDrive\\Desktop\\ML\\venv\\Lib\\site-packages\\numpy\\distutils\\command\\install_clib.py', reloading
2025-02-21 00:57:37,015 - INFO -  * Detected change in 'C:\\Users\\HP\\OneDrive\\Desktop\\ML\\venv\\Lib\\site-packages\\narwhals\\expr_name.py', reloading
2025-02-21 00:57:37,018 - INFO -  * Detected change in 'C:\\Users\\HP\\OneDrive\\Desktop\\ML\\venv\\Lib\\site-packages\\numpy\\lib\\tests\\test_index_tricks.py', reloading
2025-02-21 00:57:37,019 - INFO -  * Detected change in 'C:\\Users\\HP\\OneDrive\\Desktop\\ML\\venv\\Lib\\site-packages\\numpy\\distutils\\command\\install.py', reloading
2025-02-21 00:57:37,020 - INFO -  * Detected change in 'C:\\Users\\HP\\OneDrive\\Desktop\\ML\\venv\\Lib\\site-packages\\numpy\\distutils\\intelccompiler.py', reloading
2025-02-21 00:57:37,216 - INFO -  * Detected change in 'C:\\Users\\HP\\OneDrive\\Desktop\\ML\\venv\\Lib\\site-packages\\numpy\\f2py\\__version__.py', reloading
2025-02-21 00:57:37,219 - INFO -  * Detected change in 'C:\\Users\\HP\\OneDrive\\Desktop\\ML\\venv\\Lib\\site-packages\\numpy\\distutils\\npy_pkg_config.py', reloading
2025-02-21 00:57:37,220 - INFO -  * Detected change in 'C:\\Users\\HP\\OneDrive\\Desktop\\ML\\venv\\Lib\\site-packages\\numpy\\f2py\\_backends\\__init__.py', reloading
2025-02-21 00:57:37,221 - INFO -  * Detected change in 'C:\\Users\\HP\\OneDrive\\Desktop\\ML\\venv\\Lib\\site-packages\\numpy\\distutils\\numpy_distribution.py', reloading
2025-02-21 00:57:37,222 - INFO -  * Detected change in 'C:\\Users\\HP\\OneDrive\\Desktop\\ML\\venv\\Lib\\site-packages\\numpy\\_core\\tests\\test_print.py', reloading
2025-02-21 00:57:37,229 - INFO -  * Detected change in 'C:\\Users\\HP\\OneDrive\\Desktop\\ML\\venv\\Lib\\site-packages\\numpy\\lib\\tests\\test_polynomial.py', reloading
2025-02-21 00:57:37,231 - INFO -  * Detected change in 'C:\\Users\\HP\\OneDrive\\Desktop\\ML\\venv\\Lib\\site-packages\\numpy\\f2py\\tests\\test_common.py', reloading
2025-02-21 00:57:37,232 - INFO -  * Detected change in 'C:\\Users\\HP\\OneDrive\\Desktop\\ML\\venv\\Lib\\site-packages\\numpy\\f2py\\tests\\test_character.py', reloading
2025-02-21 00:57:37,233 - INFO -  * Detected change in 'C:\\Users\\HP\\OneDrive\\Desktop\\ML\\venv\\Lib\\site-packages\\prompt_toolkit\\clipboard\\__init__.py', reloading
2025-02-21 00:57:37,240 - INFO -  * Detected change in 'C:\\Users\\HP\\OneDrive\\Desktop\\ML\\venv\\Lib\\site-packages\\numpy\\distutils\\pathccompiler.py', reloading
2025-02-21 00:57:37,241 - INFO -  * Detected change in 'C:\\Users\\HP\\OneDrive\\Desktop\\ML\\venv\\Lib\\site-packages\\numpy\\_core\\tests\\test_protocols.py', reloading
2025-02-21 00:57:37,330 - INFO -  * Detected change in 'C:\\Users\\HP\\OneDrive\\Desktop\\ML\\venv\\Lib\\site-packages\\numpy\\f2py\\tests\\test_f2cmap.py', reloading
2025-02-21 00:57:37,332 - INFO -  * Detected change in 'C:\\Users\\HP\\OneDrive\\Desktop\\ML\\venv\\Lib\\site-packages\\numpy\\lib\\tests\\test_shape_base.py', reloading
2025-02-21 00:57:37,333 - INFO -  * Detected change in 'C:\\Users\\HP\\OneDrive\\Desktop\\ML\\venv\\Lib\\site-packages\\numpy\\_core\\tests\\test_regression.py', reloading
2025-02-21 00:57:37,337 - INFO -  * Detected change in 'C:\\Users\\HP\\OneDrive\\Desktop\\ML\\venv\\Lib\\site-packages\\numpy\\distutils\\unixccompiler.py', reloading
2025-02-21 00:57:37,338 - INFO -  * Detected change in 'C:\\Users\\HP\\OneDrive\\Desktop\\ML\\venv\\Lib\\site-packages\\numpy\\lib\\_index_tricks_impl.py', reloading
2025-02-21 00:57:37,338 - INFO -  * Detected change in 'C:\\Users\\HP\\OneDrive\\Desktop\\ML\\venv\\Lib\\site-packages\\numpy\\f2py\\tests\\test_docs.py', reloading
2025-02-21 00:57:37,339 - INFO -  * Detected change in 'C:\\Users\\HP\\OneDrive\\Desktop\\ML\\venv\\Lib\\site-packages\\narwhals\\series.py', reloading
2025-02-21 00:57:37,340 - INFO -  * Detected change in 'C:\\Users\\HP\\OneDrive\\Desktop\\ML\\venv\\Lib\\site-packages\\numpy\\lib\\tests\\test_regression.py', reloading
2025-02-21 00:57:37,351 - INFO -  * Detected change in 'C:\\Users\\HP\\OneDrive\\Desktop\\ML\\venv\\Lib\\site-packages\\numpy\\f2py\\tests\\test_f2py2e.py', reloading
2025-02-21 00:57:37,352 - INFO -  * Detected change in 'C:\\Users\\HP\\OneDrive\\Desktop\\ML\\venv\\Lib\\site-packages\\numpy\\_core\\tests\\test_scalarbuffer.py', reloading
2025-02-21 00:57:37,353 - INFO -  * Detected change in 'C:\\Users\\HP\\OneDrive\\Desktop\\ML\\venv\\Lib\\site-packages\\numpy\\lib\\tests\\test_stride_tricks.py', reloading
2025-02-21 00:57:37,354 - INFO -  * Detected change in 'C:\\Users\\HP\\OneDrive\\Desktop\\ML\\venv\\Lib\\site-packages\\numpy\\distutils\\_shell_utils.py', reloading
2025-02-21 00:57:37,355 - INFO -  * Detected change in 'C:\\Users\\HP\\OneDrive\\Desktop\\ML\\venv\\Lib\\site-packages\\narwhals\\series_cat.py', reloading
2025-02-21 00:57:37,356 - INFO -  * Detected change in 'C:\\Users\\HP\\OneDrive\\Desktop\\ML\\venv\\Lib\\site-packages\\numpy\\distutils\\system_info.py', reloading
2025-02-21 00:57:37,357 - INFO -  * Detected change in 'C:\\Users\\HP\\OneDrive\\Desktop\\ML\\venv\\Lib\\site-packages\\numpy\\f2py\\tests\\test_data.py', reloading
2025-02-21 00:57:37,359 - INFO -  * Detected change in 'C:\\Users\\HP\\OneDrive\\Desktop\\ML\\venv\\Lib\\site-packages\\numpy\\_core\\tests\\test_records.py', reloading
2025-02-21 00:57:37,360 - INFO -  * Detected change in 'C:\\Users\\HP\\OneDrive\\Desktop\\ML\\venv\\Lib\\site-packages\\numpy\\lib\\tests\\test_recfunctions.py', reloading
2025-02-21 00:57:37,363 - INFO -  * Detected change in 'C:\\Users\\HP\\OneDrive\\Desktop\\ML\\venv\\Lib\\site-packages\\numpy\\f2py\\tests\\test_crackfortran.py', reloading
2025-02-21 00:57:37,364 - INFO -  * Detected change in 'C:\\Users\\HP\\OneDrive\\Desktop\\ML\\venv\\Lib\\site-packages\\narwhals\\selectors.py', reloading
2025-02-21 00:57:37,365 - INFO -  * Detected change in 'C:\\Users\\HP\\OneDrive\\Desktop\\ML\\venv\\Lib\\site-packages\\numpy\\lib\\_histograms_impl.py', reloading
2025-02-21 00:57:37,367 - INFO -  * Detected change in 'C:\\Users\\HP\\OneDrive\\Desktop\\ML\\venv\\Lib\\site-packages\\numpy\\f2py\\__main__.py', reloading
2025-02-21 00:57:37,368 - INFO -  * Detected change in 'C:\\Users\\HP\\OneDrive\\Desktop\\ML\\venv\\Lib\\site-packages\\numpy\\_core\\tests\\test_overrides.py', reloading
2025-02-21 00:57:37,369 - INFO -  * Detected change in 'C:\\Users\\HP\\OneDrive\\Desktop\\ML\\venv\\Lib\\site-packages\\narwhals\\schema.py', reloading
2025-02-21 00:57:37,370 - INFO -  * Detected change in 'C:\\Users\\HP\\OneDrive\\Desktop\\ML\\venv\\Lib\\site-packages\\numpy\\lib\\tests\\test_packbits.py', reloading
2025-02-21 00:57:37,371 - INFO -  * Detected change in 'C:\\Users\\HP\\OneDrive\\Desktop\\ML\\venv\\Lib\\site-packages\\numpy\\distutils\\msvccompiler.py', reloading
2025-02-21 00:57:37,372 - INFO -  * Detected change in 'C:\\Users\\HP\\OneDrive\\Desktop\\ML\\venv\\Lib\\site-packages\\numpy\\f2py\\tests\\test_callback.py', reloading
2025-02-21 00:57:37,373 - INFO -  * Detected change in 'C:\\Users\\HP\\OneDrive\\Desktop\\ML\\venv\\Lib\\site-packages\\numpy\\f2py\\_backends\\_meson.py', reloading
2025-02-21 00:57:37,375 - INFO -  * Detected change in 'C:\\Users\\HP\\OneDrive\\Desktop\\ML\\venv\\Lib\\site-packages\\numpy\\distutils\\msvc9compiler.py', reloading
2025-02-21 00:57:37,378 - INFO -  * Detected change in 'C:\\Users\\HP\\OneDrive\\Desktop\\ML\\venv\\Lib\\site-packages\\numpy\\f2py\\__init__.py', reloading
2025-02-21 00:57:37,379 - INFO -  * Detected change in 'C:\\Users\\HP\\OneDrive\\Desktop\\ML\\venv\\Lib\\site-packages\\narwhals\\group_by.py', reloading
2025-02-21 00:57:37,379 - INFO -  * Detected change in 'C:\\Users\\HP\\OneDrive\\Desktop\\ML\\venv\\Lib\\site-packages\\numpy\\lib\\_function_base_impl.py', reloading
2025-02-21 00:57:37,380 - INFO -  * Detected change in 'C:\\Users\\HP\\OneDrive\\Desktop\\ML\\venv\\Lib\\site-packages\\numpy\\_core\\tests\\test_numerictypes.py', reloading
2025-02-21 00:57:37,382 - INFO -  * Detected change in 'C:\\Users\\HP\\OneDrive\\Desktop\\ML\\venv\\Lib\\site-packages\\numpy\\f2py\\tests\\test_block_docstring.py', reloading
2025-02-21 00:57:37,382 - INFO -  * Detected change in 'C:\\Users\\HP\\OneDrive\\Desktop\\ML\\venv\\Lib\\site-packages\\numpy\\_core\\tests\\test_scalarinherit.py', reloading
2025-02-21 00:57:37,383 - INFO -  * Detected change in 'C:\\Users\\HP\\OneDrive\\Desktop\\ML\\venv\\Lib\\site-packages\\numpy\\lib\\tests\\test_nanfunctions.py', reloading
2025-02-21 00:57:37,385 - INFO -  * Detected change in 'C:\\Users\\HP\\OneDrive\\Desktop\\ML\\venv\\Lib\\site-packages\\numpy\\f2py\\_backends\\_distutils.py', reloading
2025-02-21 00:57:37,385 - INFO -  * Detected change in 'C:\\Users\\HP\\OneDrive\\Desktop\\ML\\venv\\Lib\\site-packages\\numpy\\f2py\\_src_pyf.py', reloading
2025-02-21 00:57:37,386 - INFO -  * Detected change in 'C:\\Users\\HP\\OneDrive\\Desktop\\ML\\venv\\Lib\\site-packages\\numpy\\_core\\tests\\test_numeric.py', reloading
2025-02-21 00:57:37,387 - INFO -  * Detected change in 'C:\\Users\\HP\\OneDrive\\Desktop\\ML\\venv\\Lib\\site-packages\\narwhals\\functions.py', reloading
2025-02-21 00:57:37,388 - INFO -  * Detected change in 'C:\\Users\\HP\\OneDrive\\Desktop\\ML\\venv\\Lib\\site-packages\\numpy\\distutils\\misc_util.py', reloading
2025-02-21 00:57:37,389 - INFO -  * Detected change in 'C:\\Users\\HP\\OneDrive\\Desktop\\ML\\venv\\Lib\\site-packages\\numpy\\f2py\\tests\\test_assumed_shape.py', reloading
2025-02-21 00:57:37,393 - INFO -  * Detected change in 'C:\\Users\\HP\\OneDrive\\Desktop\\ML\\venv\\Lib\\site-packages\\numpy\\_core\\tests\\test_nep50_promotions.py', reloading
2025-02-21 00:57:37,394 - INFO -  * Detected change in 'C:\\Users\\HP\\OneDrive\\Desktop\\ML\\venv\\Lib\\site-packages\\numpy\\lib\\tests\\test_mixins.py', reloading
2025-02-21 00:57:37,395 - INFO -  * Detected change in 'C:\\Users\\HP\\OneDrive\\Desktop\\ML\\venv\\Lib\\site-packages\\numpy\\f2py\\tests\\test_array_from_pyobj.py', reloading
2025-02-21 00:57:37,396 - INFO -  * Detected change in 'C:\\Users\\HP\\OneDrive\\Desktop\\ML\\venv\\Lib\\site-packages\\numpy\\f2py\\_backends\\_backend.py', reloading
2025-02-21 00:57:37,396 - INFO -  * Detected change in 'C:\\Users\\HP\\OneDrive\\Desktop\\ML\\venv\\Lib\\site-packages\\numpy\\_core\\tests\\test_nditer.py', reloading
2025-02-21 00:57:37,397 - INFO -  * Detected change in 'C:\\Users\\HP\\OneDrive\\Desktop\\ML\\venv\\Lib\\site-packages\\numpy\\distutils\\mingw32ccompiler.py', reloading
2025-02-21 00:57:37,398 - INFO -  * Detected change in 'C:\\Users\\HP\\OneDrive\\Desktop\\ML\\venv\\Lib\\site-packages\\narwhals\\expr_str.py', reloading
2025-02-21 00:57:37,398 - INFO -  * Detected change in 'C:\\Users\\HP\\OneDrive\\Desktop\\ML\\venv\\Lib\\site-packages\\numpy\\lib\\tests\\test_loadtxt.py', reloading
2025-02-21 00:57:37,399 - INFO -  * Detected change in 'C:\\Users\\HP\\OneDrive\\Desktop\\ML\\venv\\Lib\\site-packages\\numpy\\f2py\\tests\\test_abstract_interface.py', reloading
2025-02-21 00:57:37,400 - INFO -  * Detected change in 'C:\\Users\\HP\\OneDrive\\Desktop\\ML\\venv\\Lib\\site-packages\\numpy\\distutils\\command\\__init__.py', reloading
2025-02-21 00:57:37,401 - INFO -  * Detected change in 'C:\\Users\\HP\\OneDrive\\Desktop\\ML\\venv\\Lib\\site-packages\\numpy\\distutils\\tests\\test_build_ext.py', reloading
2025-02-21 00:57:37,403 - INFO -  * Detected change in 'C:\\Users\\HP\\OneDrive\\Desktop\\ML\\venv\\Lib\\site-packages\\narwhals\\series_dt.py', reloading
2025-02-21 00:57:37,403 - INFO -  * Detected change in 'C:\\Users\\HP\\OneDrive\\Desktop\\ML\\venv\\Lib\\site-packages\\numpy\\lib\\tests\\test_twodim_base.py', reloading
2025-02-21 00:57:37,404 - INFO -  * Detected change in 'C:\\Users\\HP\\OneDrive\\Desktop\\ML\\venv\\Lib\\site-packages\\numpy\\distutils\\__init__.py', reloading
2025-02-21 00:57:37,405 - INFO -  * Detected change in 'C:\\Users\\HP\\OneDrive\\Desktop\\ML\\venv\\Lib\\site-packages\\numpy\\distutils\\log.py', reloading
2025-02-21 00:57:37,406 - INFO -  * Detected change in 'C:\\Users\\HP\\OneDrive\\Desktop\\ML\\venv\\Lib\\site-packages\\numpy\\f2py\\_isocbind.py', reloading
2025-02-21 00:57:37,407 - INFO -  * Detected change in 'C:\\Users\\HP\\OneDrive\\Desktop\\ML\\venv\\Lib\\site-packages\\numpy\\distutils\\command\\sdist.py', reloading
2025-02-21 00:57:37,408 - INFO -  * Detected change in 'C:\\Users\\HP\\OneDrive\\Desktop\\ML\\venv\\Lib\\site-packages\\numpy\\_core\\tests\\test_multiarray.py', reloading
2025-02-21 00:57:37,409 - INFO -  * Detected change in 'C:\\Users\\HP\\OneDrive\\Desktop\\ML\\venv\\Lib\\site-packages\\numpy\\distutils\\line_endings.py', reloading
2025-02-21 00:57:37,409 - INFO -  * Detected change in 'C:\\Users\\HP\\OneDrive\\Desktop\\ML\\venv\\Lib\\site-packages\\numpy\\distutils\\command\\install_headers.py', reloading
2025-02-21 00:57:37,410 - INFO -  * Detected change in 'C:\\Users\\HP\\OneDrive\\Desktop\\ML\\venv\\Lib\\site-packages\\numpy\\_core\\__init__.py', reloading
2025-02-21 00:57:37,411 - INFO -  * Detected change in 'C:\\Users\\HP\\OneDrive\\Desktop\\ML\\venv\\Lib\\site-packages\\numpy\\lib\\tests\\test_type_check.py', reloading
2025-02-21 00:57:37,413 - INFO -  * Detected change in 'C:\\Users\\HP\\OneDrive\\Desktop\\ML\\venv\\Lib\\site-packages\\numpy\\_core\\tests\\test_scalarmath.py', reloading
2025-02-21 00:57:37,414 - INFO -  * Detected change in 'C:\\Users\\HP\\OneDrive\\Desktop\\ML\\venv\\Lib\\site-packages\\numpy\\lib\\tests\\test_ufunclike.py', reloading
2025-02-21 00:57:37,444 - INFO -  * Detected change in 'C:\\Users\\HP\\OneDrive\\Desktop\\ML\\venv\\Lib\\site-packages\\numpy\\f2py\\tests\\test_mixed.py', reloading
2025-02-21 00:57:37,447 - INFO -  * Detected change in 'C:\\Users\\HP\\OneDrive\\Desktop\\ML\\venv\\Lib\\site-packages\\numpy\\_core\\tests\\test_scalarprint.py', reloading
2025-02-21 00:57:37,449 - INFO -  * Detected change in 'C:\\Users\\HP\\OneDrive\\Desktop\\ML\\venv\\Lib\\site-packages\\numpy\\distutils\\tests\\test_ccompiler_opt.py', reloading
2025-02-21 00:57:37,452 - INFO -  * Detected change in 'C:\\Users\\HP\\OneDrive\\Desktop\\ML\\venv\\Lib\\site-packages\\numpy\\lib\\_iotools.py', reloading
2025-02-21 00:57:37,454 - INFO -  * Detected change in 'C:\\Users\\HP\\OneDrive\\Desktop\\ML\\venv\\Lib\\site-packages\\numpy\\f2py\\tests\\test_kind.py', reloading
2025-02-21 00:57:37,455 - INFO -  * Detected change in 'C:\\Users\\HP\\OneDrive\\Desktop\\ML\\venv\\Lib\\site-packages\\narwhals\\series_list.py', reloading
2025-02-21 00:57:39,671 - INFO -  * Restarting with watchdog (windowsapi)
2025-02-21 00:58:00,068 - WARNING -  * Debugger is active!
2025-02-21 00:58:00,079 - INFO -  * Debugger PIN: 856-401-594
2025-02-21 00:58:01,795 - INFO -  * Detected change in 'C:\\Users\\HP\\OneDrive\\Desktop\\ML\\venv\\Scripts\\pip3-script.py', reloading
2025-02-21 00:58:01,887 - INFO -  * Detected change in 'C:\\Users\\HP\\OneDrive\\Desktop\\ML\\venv\\Scripts\\pydoc-script.py', reloading
2025-02-21 00:58:03,613 - INFO -  * Restarting with watchdog (windowsapi)
2025-02-21 00:58:09,398 - WARNING -  * Debugger is active!
2025-02-21 00:58:09,403 - INFO -  * Debugger PIN: 856-401-594
2025-02-21 01:00:58,217 - INFO -  * Detected change in 'C:\\Users\\HP\\OneDrive\\Desktop\\ML\\MNIST_CLASSIFICATION\\application.py', reloading
2025-02-21 01:00:58,218 - INFO -  * Detected change in 'C:\\Users\\HP\\OneDrive\\Desktop\\ML\\MNIST_CLASSIFICATION\\application.py', reloading
2025-02-21 01:00:59,841 - INFO -  * Restarting with watchdog (windowsapi)
2025-02-21 01:01:04,712 - WARNING -  * Debugger is active!
2025-02-21 01:01:04,718 - INFO -  * Debugger PIN: 856-401-594
2025-02-21 01:01:10,658 - INFO -  * Detected change in 'C:\\Users\\HP\\OneDrive\\Desktop\\ML\\MNIST_CLASSIFICATION\\application.py', reloading
2025-02-21 01:01:10,658 - INFO -  * Detected change in 'C:\\Users\\HP\\OneDrive\\Desktop\\ML\\MNIST_CLASSIFICATION\\application.py', reloading
2025-02-21 01:01:10,658 - INFO -  * Detected change in 'C:\\Users\\HP\\OneDrive\\Desktop\\ML\\MNIST_CLASSIFICATION\\application.py', reloading
2025-02-21 01:01:11,502 - INFO -  * Restarting with watchdog (windowsapi)
2025-02-21 01:01:15,752 - WARNING -  * Debugger is active!
2025-02-21 01:01:15,757 - INFO -  * Debugger PIN: 856-401-594
2025-02-21 01:01:19,498 - INFO -  * Detected change in 'C:\\Users\\HP\\OneDrive\\Desktop\\ML\\MNIST_CLASSIFICATION\\application.py', reloading
2025-02-21 01:01:19,502 - INFO -  * Detected change in 'C:\\Users\\HP\\OneDrive\\Desktop\\ML\\MNIST_CLASSIFICATION\\application.py', reloading
2025-02-21 01:01:19,502 - INFO -  * Detected change in 'C:\\Users\\HP\\OneDrive\\Desktop\\ML\\MNIST_CLASSIFICATION\\application.py', reloading
2025-02-21 01:01:20,558 - INFO -  * Restarting with watchdog (windowsapi)
2025-02-21 01:11:45,936 - INFO - [31m[1mWARNING: This is a development server. Do not use it in a production deployment. Use a production WSGI server instead.[0m
 * Running on all addresses (0.0.0.0)
 * Running on http://127.0.0.1:10000
 * Running on http://192.168.1.37:10000
2025-02-21 01:11:45,936 - INFO - [33mPress CTRL+C to quit[0m
2025-02-21 01:11:45,945 - INFO -  * Restarting with watchdog (windowsapi)
2025-02-21 01:11:50,686 - WARNING -  * Debugger is active!
2025-02-21 01:11:50,686 - INFO -  * Debugger PIN: 856-401-594
2025-02-21 01:11:59,322 - INFO - [31m[1mWARNING: This is a development server. Do not use it in a production deployment. Use a production WSGI server instead.[0m
 * Running on all addresses (0.0.0.0)
 * Running on http://127.0.0.1:10000
 * Running on http://192.168.1.37:10000
2025-02-21 01:11:59,323 - INFO - [33mPress CTRL+C to quit[0m
2025-02-21 01:11:59,328 - INFO -  * Restarting with watchdog (windowsapi)
2025-02-21 01:12:04,085 - WARNING -  * Debugger is active!
2025-02-21 01:12:04,091 - INFO -  * Debugger PIN: 856-401-594
2025-02-21 01:12:16,496 - INFO - 127.0.0.1 - - [21/Feb/2025 01:12:16] "GET / HTTP/1.1" 200 -
2025-02-21 01:12:16,622 - INFO - 127.0.0.1 - - [21/Feb/2025 01:12:16] "[33mGET /favicon.ico HTTP/1.1[0m" 404 -
2025-02-21 01:12:24,443 - INFO - 127.0.0.1 - - [21/Feb/2025 01:12:24] "POST /predict HTTP/1.1" 200 -
